2022-11-12 00:54:32,112 3829 log          INFO     Generate Jinja Report
2022-11-12 00:54:32,112 3829 log          INFO     Writing Report in : report/Premiere_League_report.html
2022-11-12 00:54:36,652 3829 log          INFO         Position  ...                   Form, Last 6 games, Oldest first
0          1  ...  WResult WinWResult WinWResult WinDResult DrawW...
1          2  ...  WResult WinWResult WinLResult LossWResult WinW...
2          3  ...  WResult WinDResult DrawWResult WinWResult WinW...
3          4  ...  WResult WinWResult WinLResult LossLResult Loss...
4          5  ...  WResult WinDResult DrawWResult WinDResult Draw...
5          6  ...  LResult LossLResult LossDResult DrawLResult Lo...
6          7  ...  WResult WinWResult WinDResult DrawDResult Draw...
7          8  ...  LResult LossWResult WinWResult WinLResult Loss...
8          9  ...  LResult LossDResult DrawWResult WinWResult Win...
9         10  ...  WResult WinDResult DrawWResult WinLResult Loss...
10        11  ...  LResult LossWResult WinDResult DrawLResult Los...
11        12  ...  LResult LossLResult LossLResult LossLResult Lo...
12        13  ...  DResult DrawLResult LossLResult LossWResult Wi...
13        14  ...  LResult LossDResult DrawWResult WinWResult Win...
14        15  ...  WResult WinDResult DrawLResult LossWResult Win...
15        16  ...  LResult LossLResult LossLResult LossWResult Wi...
16        17  ...  WResult WinDResult DrawLResult LossLResult Los...
17        18  ...  LResult LossDResult DrawWResult WinDResult Dra...
18        19  ...  LResult LossWResult WinLResult LossLResult Los...
19        20  ...  DResult DrawLResult LossDResult DrawWResult Wi...

[20 rows x 11 columns]
2022-11-12 00:54:36,743 3829 log          INFO     Writing Report in : report/Ligue1_report.html
2022-11-12 00:54:37,501 3829 log          INFO         Unnamed: 0   Unnamed: 1  Unnamed: 2  pts  J.  G.  ...  p.  c.  +/-  G..1  N..1  P..1
0            1     Paris-SG         NaN   38  14  12  ...  38   9   29   NaN   NaN   NaN
1            2         Lens         NaN   33  14  10  ...  24   9   15   NaN   NaN   NaN
2            3       Rennes         NaN   28  14   8  ...  29  13   16   NaN   NaN   NaN
3            4    Marseille         NaN   27  14   8  ...  23  11   12   NaN   NaN   NaN
4            5       Monaco         NaN   27  14   8  ...  27  18    9   NaN   NaN   NaN
5            6      Lorient         NaN   27  14   8  ...  25  20    5   NaN   NaN   NaN
6            7        Lille         NaN   23  14   7  ...  26  23    3   NaN   NaN   NaN
7            8         Lyon         NaN   21  15   6  ...  23  18    5   NaN   NaN   NaN
8            9         Nice         NaN   20  15   5  ...  15  17   -2   NaN   NaN   NaN
9           10     Clermont         NaN   19  14   5  ...  18  21   -3   NaN   NaN   NaN
10          11        Reims         NaN   16  14   3  ...  15  20   -5   NaN   NaN   NaN
11          12     Toulouse         NaN   16  14   4  ...  19  25   -6   NaN   NaN   NaN
12          13       Troyes         NaN   14  14   3  ...  25  29   -4   NaN   NaN   NaN
13          14  Montpellier         NaN   13  14   4  ...  23  28   -5   NaN   NaN   NaN
14          15      Auxerre         NaN   13  14   3  ...  14  26  -12   NaN   NaN   NaN
15          16       Nantes         NaN   12  14   2  ...  15  22   -7   NaN   NaN   NaN
16          17   AC Ajaccio         NaN   11  14   3  ...  12  22  -10   NaN   NaN   NaN
17          18   Strasbourg         NaN   10  14   1  ...  16  25   -9   NaN   NaN   NaN
18          19        Brest         NaN   10  14   2  ...  14  27  -13   NaN   NaN   NaN
19          20       Angers         NaN    8  14   2  ...  15  33  -18   NaN   NaN   NaN

[20 rows x 14 columns]
2022-11-12 01:08:39,334 5365 log          INFO     Generate Jinja Report
2022-11-12 01:08:39,334 5365 log          INFO     Writing Report in : report/Premiere_League_report.html
2022-11-12 01:08:39,860 5365 log          INFO         Position  ...                   Form, Last 6 games, Oldest first
0          1  ...  WResult WinWResult WinWResult WinDResult DrawW...
1          2  ...  WResult WinWResult WinLResult LossWResult WinW...
2          3  ...  WResult WinDResult DrawWResult WinWResult WinW...
3          4  ...  WResult WinWResult WinLResult LossLResult Loss...
4          5  ...  WResult WinDResult DrawWResult WinDResult Draw...
5          6  ...  LResult LossLResult LossDResult DrawLResult Lo...
6          7  ...  WResult WinWResult WinDResult DrawDResult Draw...
7          8  ...  LResult LossWResult WinWResult WinLResult Loss...
8          9  ...  LResult LossDResult DrawWResult WinWResult Win...
9         10  ...  WResult WinDResult DrawWResult WinLResult Loss...
10        11  ...  LResult LossWResult WinDResult DrawLResult Los...
11        12  ...  LResult LossLResult LossLResult LossLResult Lo...
12        13  ...  DResult DrawLResult LossLResult LossWResult Wi...
13        14  ...  LResult LossDResult DrawWResult WinWResult Win...
14        15  ...  WResult WinDResult DrawLResult LossWResult Win...
15        16  ...  LResult LossLResult LossLResult LossWResult Wi...
16        17  ...  WResult WinDResult DrawLResult LossLResult Los...
17        18  ...  LResult LossDResult DrawWResult WinDResult Dra...
18        19  ...  LResult LossWResult WinLResult LossLResult Los...
19        20  ...  DResult DrawLResult LossDResult DrawWResult Wi...

[20 rows x 11 columns]
2022-11-12 01:08:39,941 5365 log          INFO     Writing Report in : report/Ligue1_report.html
2022-11-12 01:08:40,519 5365 log          INFO         Unnamed: 0   Unnamed: 1  Unnamed: 2  pts  J.  G.  ...  p.  c.  +/-  G..1  N..1  P..1
0            1     Paris-SG         NaN   38  14  12  ...  38   9   29   NaN   NaN   NaN
1            2         Lens         NaN   33  14  10  ...  24   9   15   NaN   NaN   NaN
2            3       Rennes         NaN   28  14   8  ...  29  13   16   NaN   NaN   NaN
3            4    Marseille         NaN   27  14   8  ...  23  11   12   NaN   NaN   NaN
4            5       Monaco         NaN   27  14   8  ...  27  18    9   NaN   NaN   NaN
5            6      Lorient         NaN   27  14   8  ...  25  20    5   NaN   NaN   NaN
6            7        Lille         NaN   23  14   7  ...  26  23    3   NaN   NaN   NaN
7            8         Lyon         NaN   21  15   6  ...  23  18    5   NaN   NaN   NaN
8            9         Nice         NaN   20  15   5  ...  15  17   -2   NaN   NaN   NaN
9           10     Clermont         NaN   19  14   5  ...  18  21   -3   NaN   NaN   NaN
10          11        Reims         NaN   16  14   3  ...  15  20   -5   NaN   NaN   NaN
11          12     Toulouse         NaN   16  14   4  ...  19  25   -6   NaN   NaN   NaN
12          13       Troyes         NaN   14  14   3  ...  25  29   -4   NaN   NaN   NaN
13          14  Montpellier         NaN   13  14   4  ...  23  28   -5   NaN   NaN   NaN
14          15      Auxerre         NaN   13  14   3  ...  14  26  -12   NaN   NaN   NaN
15          16       Nantes         NaN   12  14   2  ...  15  22   -7   NaN   NaN   NaN
16          17   AC Ajaccio         NaN   11  14   3  ...  12  22  -10   NaN   NaN   NaN
17          18   Strasbourg         NaN   10  14   1  ...  16  25   -9   NaN   NaN   NaN
18          19        Brest         NaN   10  14   2  ...  14  27  -13   NaN   NaN   NaN
19          20       Angers         NaN    8  14   2  ...  15  33  -18   NaN   NaN   NaN

[20 rows x 14 columns]
2022-11-12 01:44:26,127 7477 log          INFO     Generate Jinja Report
2022-11-12 01:44:26,127 7477 log          INFO     Writing Report in : report/Premiere_League_report.html
2022-11-12 01:44:26,663 7477 log          INFO         Position  ...                   Form, Last 6 games, Oldest first
0          1  ...  WResult WinWResult WinWResult WinDResult DrawW...
1          2  ...  WResult WinWResult WinLResult LossWResult WinW...
2          3  ...  WResult WinDResult DrawWResult WinWResult WinW...
3          4  ...  WResult WinWResult WinLResult LossLResult Loss...
4          5  ...  WResult WinDResult DrawWResult WinDResult Draw...
5          6  ...  LResult LossLResult LossDResult DrawLResult Lo...
6          7  ...  WResult WinWResult WinDResult DrawDResult Draw...
7          8  ...  LResult LossWResult WinWResult WinLResult Loss...
8          9  ...  LResult LossDResult DrawWResult WinWResult Win...
9         10  ...  WResult WinDResult DrawWResult WinLResult Loss...
10        11  ...  LResult LossWResult WinDResult DrawLResult Los...
11        12  ...  LResult LossLResult LossLResult LossLResult Lo...
12        13  ...  DResult DrawLResult LossLResult LossWResult Wi...
13        14  ...  LResult LossDResult DrawWResult WinWResult Win...
14        15  ...  WResult WinDResult DrawLResult LossWResult Win...
15        16  ...  LResult LossLResult LossLResult LossWResult Wi...
16        17  ...  WResult WinDResult DrawLResult LossLResult Los...
17        18  ...  LResult LossDResult DrawWResult WinDResult Dra...
18        19  ...  LResult LossWResult WinLResult LossLResult Los...
19        20  ...  DResult DrawLResult LossDResult DrawWResult Wi...

[20 rows x 11 columns]
2022-11-12 01:44:26,742 7477 log          INFO     Writing Report in : report/Ligue1_report.html
2022-11-12 01:44:27,327 7477 log          INFO         Unnamed: 0   Unnamed: 1  Unnamed: 2  pts  J.  G.  ...  p.  c.  +/-  G..1  N..1  P..1
0            1     Paris-SG         NaN   38  14  12  ...  38   9   29   NaN   NaN   NaN
1            2         Lens         NaN   33  14  10  ...  24   9   15   NaN   NaN   NaN
2            3       Rennes         NaN   28  14   8  ...  29  13   16   NaN   NaN   NaN
3            4    Marseille         NaN   27  14   8  ...  23  11   12   NaN   NaN   NaN
4            5       Monaco         NaN   27  14   8  ...  27  18    9   NaN   NaN   NaN
5            6      Lorient         NaN   27  14   8  ...  25  20    5   NaN   NaN   NaN
6            7        Lille         NaN   23  14   7  ...  26  23    3   NaN   NaN   NaN
7            8         Lyon         NaN   21  15   6  ...  23  18    5   NaN   NaN   NaN
8            9         Nice         NaN   20  15   5  ...  15  17   -2   NaN   NaN   NaN
9           10     Clermont         NaN   19  14   5  ...  18  21   -3   NaN   NaN   NaN
10          11        Reims         NaN   16  14   3  ...  15  20   -5   NaN   NaN   NaN
11          12     Toulouse         NaN   16  14   4  ...  19  25   -6   NaN   NaN   NaN
12          13       Troyes         NaN   14  14   3  ...  25  29   -4   NaN   NaN   NaN
13          14  Montpellier         NaN   13  14   4  ...  23  28   -5   NaN   NaN   NaN
14          15      Auxerre         NaN   13  14   3  ...  14  26  -12   NaN   NaN   NaN
15          16       Nantes         NaN   12  14   2  ...  15  22   -7   NaN   NaN   NaN
16          17   AC Ajaccio         NaN   11  14   3  ...  12  22  -10   NaN   NaN   NaN
17          18   Strasbourg         NaN   10  14   1  ...  16  25   -9   NaN   NaN   NaN
18          19        Brest         NaN   10  14   2  ...  14  27  -13   NaN   NaN   NaN
19          20       Angers         NaN    8  14   2  ...  15  33  -18   NaN   NaN   NaN

[20 rows x 14 columns]
