2022-11-09 15:38:11,354 2135 log          INFO     Generate Jinja Report
2022-11-09 15:57:39,723 2411 log          INFO     Generate Jinja Report
2022-11-09 15:57:39,723 2411 log          INFO     Writing Report in : report/Premiere League_report.html
2022-11-09 16:14:57,459 2581 log          INFO     Generate Jinja Report
2022-11-09 16:14:57,460 2581 log          INFO     Writing Report in : report/Premiere League_report.html
2022-11-09 16:15:52,116 2593 log          INFO     Generate Jinja Report
2022-11-09 16:15:52,116 2593 log          INFO     Writing Report in : report/Premiere League_report.html
2022-11-09 16:15:52,619 2593 log          INFO     [    Position                     Team  Played  Won  Drawn  Lost  Goals For  Goals Against  Goal Difference  Points                   Form, Last 6 games, Oldest first
0          1                  Arsenal      13   11      1     1         31             11               20      34  WResult WinWResult WinWResult WinDResult DrawW...
1          2          Manchester City      13   10      2     1         39             12               27      32  WResult WinWResult WinLResult LossWResult WinW...
2          3         Newcastle United      14    7      6     1         28             11               17      27  WResult WinDResult DrawWResult WinWResult WinW...
3          4        Tottenham Hotspur      14    8      2     4         27             18                9      26  WResult WinWResult WinLResult LossLResult Loss...
4          5        Manchester United      13    7      2     4         18             19               -1      23  WResult WinDResult DrawWResult WinDResult Draw...
5          6   Brighton & Hove Albion      13    6      3     4         22             17                5      21  LResult LossLResult LossDResult DrawLResult Lo...
6          7                  Chelsea      13    6      3     4         17             16                1      21  WResult WinWResult WinDResult DrawDResult Draw...
7          8                Liverpool      13    5      4     4         25             16                9      19  LResult LossWResult WinWResult WinLResult Loss...
8          9                   Fulham      14    5      4     5         23             24               -1      19  LResult LossDResult DrawWResult WinWResult Win...
9         10           Crystal Palace      13    5      4     4         15             17               -2      19  WResult WinDResult DrawWResult WinLResult Loss...
10        11                Brentford      14    3      7     4         21             24               -3      16  LResult LossWResult WinDResult DrawLResult Los...
11        12             Leeds United      13    4      3     6         19             22               -3      15  LResult LossLResult LossLResult LossLResult Lo...
12        13              Aston Villa      14    4      3     7         14             21               -7      15  DResult DrawLResult LossLResult LossWResult Wi...
13        14           Leicester City      14    4      2     8         23             25               -2      14  LResult LossDResult DrawWResult WinWResult Win...
14        15          West Ham United      14    4      2     8         12             15               -3      14  WResult WinDResult DrawLResult LossWResult Win...
15        16                  Everton      14    3      5     6         11             14               -3      14  LResult LossLResult LossLResult LossWResult Wi...
16        17          AFC Bournemouth      14    3      4     7         15             32              -17      13  WResult WinDResult DrawLResult LossLResult Los...
17        18              Southampton      14    3      3     8         12             24              -12      12  LResult LossDResult DrawWResult WinDResult Dra...
18        19  Wolverhampton Wanderers      14    2      4     8          8             22              -14      10  LResult LossWResult WinLResult LossLResult Los...
19        20        Nottingham Forest      14    2      4     8         10             30              -20      10  DResult DrawLResult LossDResult DrawWResult Wi...]
2022-11-09 16:16:10,398 2604 log          INFO     Generate Jinja Report
2022-11-09 16:16:10,398 2604 log          INFO     Writing Report in : report/Premiere League_report.html
2022-11-09 16:16:11,026 2604 log          INFO     [    Position                     Team  Played  Won  Drawn  Lost  Goals For  Goals Against  Goal Difference  Points                   Form, Last 6 games, Oldest first
0          1                  Arsenal      13   11      1     1         31             11               20      34  WResult WinWResult WinWResult WinDResult DrawW...
1          2          Manchester City      13   10      2     1         39             12               27      32  WResult WinWResult WinLResult LossWResult WinW...
2          3         Newcastle United      14    7      6     1         28             11               17      27  WResult WinDResult DrawWResult WinWResult WinW...
3          4        Tottenham Hotspur      14    8      2     4         27             18                9      26  WResult WinWResult WinLResult LossLResult Loss...
4          5        Manchester United      13    7      2     4         18             19               -1      23  WResult WinDResult DrawWResult WinDResult Draw...
5          6   Brighton & Hove Albion      13    6      3     4         22             17                5      21  LResult LossLResult LossDResult DrawLResult Lo...
6          7                  Chelsea      13    6      3     4         17             16                1      21  WResult WinWResult WinDResult DrawDResult Draw...
7          8                Liverpool      13    5      4     4         25             16                9      19  LResult LossWResult WinWResult WinLResult Loss...
8          9                   Fulham      14    5      4     5         23             24               -1      19  LResult LossDResult DrawWResult WinWResult Win...
9         10           Crystal Palace      13    5      4     4         15             17               -2      19  WResult WinDResult DrawWResult WinLResult Loss...
10        11                Brentford      14    3      7     4         21             24               -3      16  LResult LossWResult WinDResult DrawLResult Los...
11        12             Leeds United      13    4      3     6         19             22               -3      15  LResult LossLResult LossLResult LossLResult Lo...
12        13              Aston Villa      14    4      3     7         14             21               -7      15  DResult DrawLResult LossLResult LossWResult Wi...
13        14           Leicester City      14    4      2     8         23             25               -2      14  LResult LossDResult DrawWResult WinWResult Win...
14        15          West Ham United      14    4      2     8         12             15               -3      14  WResult WinDResult DrawLResult LossWResult Win...
15        16                  Everton      14    3      5     6         11             14               -3      14  LResult LossLResult LossLResult LossWResult Wi...
16        17          AFC Bournemouth      14    3      4     7         15             32              -17      13  WResult WinDResult DrawLResult LossLResult Los...
17        18              Southampton      14    3      3     8         12             24              -12      12  LResult LossDResult DrawWResult WinDResult Dra...
18        19  Wolverhampton Wanderers      14    2      4     8          8             22              -14      10  LResult LossWResult WinLResult LossLResult Los...
19        20        Nottingham Forest      14    2      4     8         10             30              -20      10  DResult DrawLResult LossDResult DrawWResult Wi...]
2022-11-09 22:37:34,887 2832 log          INFO     Generate Jinja Report
2022-11-09 22:37:34,887 2832 log          INFO     Writing Report in : report/Premiere League_report.html
2022-11-09 22:37:35,608 2832 log          INFO     [    Position                     Team  Played  Won  Drawn  Lost  Goals For  Goals Against  Goal Difference  Points                   Form, Last 6 games, Oldest first
0          1                  Arsenal      13   11      1     1         31             11               20      34  WResult WinWResult WinWResult WinDResult DrawW...
1          2          Manchester City      13   10      2     1         39             12               27      32  WResult WinWResult WinLResult LossWResult WinW...
2          3         Newcastle United      14    7      6     1         28             11               17      27  WResult WinDResult DrawWResult WinWResult WinW...
3          4        Tottenham Hotspur      14    8      2     4         27             18                9      26  WResult WinWResult WinLResult LossLResult Loss...
4          5        Manchester United      13    7      2     4         18             19               -1      23  WResult WinDResult DrawWResult WinDResult Draw...
5          6   Brighton & Hove Albion      13    6      3     4         22             17                5      21  LResult LossLResult LossDResult DrawLResult Lo...
6          7                  Chelsea      13    6      3     4         17             16                1      21  WResult WinWResult WinDResult DrawDResult Draw...
7          8                Liverpool      13    5      4     4         25             16                9      19  LResult LossWResult WinWResult WinLResult Loss...
8          9                   Fulham      14    5      4     5         23             24               -1      19  LResult LossDResult DrawWResult WinWResult Win...
9         10           Crystal Palace      13    5      4     4         15             17               -2      19  WResult WinDResult DrawWResult WinLResult Loss...
10        11                Brentford      14    3      7     4         21             24               -3      16  LResult LossWResult WinDResult DrawLResult Los...
11        12             Leeds United      13    4      3     6         19             22               -3      15  LResult LossLResult LossLResult LossLResult Lo...
12        13              Aston Villa      14    4      3     7         14             21               -7      15  DResult DrawLResult LossLResult LossWResult Wi...
13        14           Leicester City      14    4      2     8         23             25               -2      14  LResult LossDResult DrawWResult WinWResult Win...
14        15          West Ham United      14    4      2     8         12             15               -3      14  WResult WinDResult DrawLResult LossWResult Win...
15        16                  Everton      14    3      5     6         11             14               -3      14  LResult LossLResult LossLResult LossWResult Wi...
16        17          AFC Bournemouth      14    3      4     7         15             32              -17      13  WResult WinDResult DrawLResult LossLResult Los...
17        18              Southampton      14    3      3     8         12             24              -12      12  LResult LossDResult DrawWResult WinDResult Dra...
18        19  Wolverhampton Wanderers      14    2      4     8          8             22              -14      10  LResult LossWResult WinLResult LossLResult Los...
19        20        Nottingham Forest      14    2      4     8         10             30              -20      10  DResult DrawLResult LossDResult DrawWResult Wi...]
2022-11-09 22:38:19,338 2844 log          INFO     Generate Jinja Report
2022-11-09 22:38:19,338 2844 log          INFO     Writing Report in : report/Premiere League_report.html
2022-11-09 22:38:19,832 2844 log          INFO         Position                     Team  Played  Won  Drawn  Lost  Goals For  Goals Against  Goal Difference  Points                   Form, Last 6 games, Oldest first
0          1                  Arsenal      13   11      1     1         31             11               20      34  WResult WinWResult WinWResult WinDResult DrawW...
1          2          Manchester City      13   10      2     1         39             12               27      32  WResult WinWResult WinLResult LossWResult WinW...
2          3         Newcastle United      14    7      6     1         28             11               17      27  WResult WinDResult DrawWResult WinWResult WinW...
3          4        Tottenham Hotspur      14    8      2     4         27             18                9      26  WResult WinWResult WinLResult LossLResult Loss...
4          5        Manchester United      13    7      2     4         18             19               -1      23  WResult WinDResult DrawWResult WinDResult Draw...
5          6   Brighton & Hove Albion      13    6      3     4         22             17                5      21  LResult LossLResult LossDResult DrawLResult Lo...
6          7                  Chelsea      13    6      3     4         17             16                1      21  WResult WinWResult WinDResult DrawDResult Draw...
7          8                Liverpool      13    5      4     4         25             16                9      19  LResult LossWResult WinWResult WinLResult Loss...
8          9                   Fulham      14    5      4     5         23             24               -1      19  LResult LossDResult DrawWResult WinWResult Win...
9         10           Crystal Palace      13    5      4     4         15             17               -2      19  WResult WinDResult DrawWResult WinLResult Loss...
10        11                Brentford      14    3      7     4         21             24               -3      16  LResult LossWResult WinDResult DrawLResult Los...
11        12             Leeds United      13    4      3     6         19             22               -3      15  LResult LossLResult LossLResult LossLResult Lo...
12        13              Aston Villa      14    4      3     7         14             21               -7      15  DResult DrawLResult LossLResult LossWResult Wi...
13        14           Leicester City      14    4      2     8         23             25               -2      14  LResult LossDResult DrawWResult WinWResult Win...
14        15          West Ham United      14    4      2     8         12             15               -3      14  WResult WinDResult DrawLResult LossWResult Win...
15        16                  Everton      14    3      5     6         11             14               -3      14  LResult LossLResult LossLResult LossWResult Wi...
16        17          AFC Bournemouth      14    3      4     7         15             32              -17      13  WResult WinDResult DrawLResult LossLResult Los...
17        18              Southampton      14    3      3     8         12             24              -12      12  LResult LossDResult DrawWResult WinDResult Dra...
18        19  Wolverhampton Wanderers      14    2      4     8          8             22              -14      10  LResult LossWResult WinLResult LossLResult Los...
19        20        Nottingham Forest      14    2      4     8         10             30              -20      10  DResult DrawLResult LossDResult DrawWResult Wi...
2022-11-09 22:38:36,206 2853 log          INFO     Generate Jinja Report
2022-11-09 22:38:36,206 2853 log          INFO     Writing Report in : report/Premiere League_report.html
2022-11-09 22:38:37,080 2853 log          INFO         Position                     Team  Played  Won  Drawn  Lost  Goals For  Goals Against  Goal Difference  Points                   Form, Last 6 games, Oldest first
0          1                  Arsenal      13   11      1     1         31             11               20      34  WResult WinWResult WinWResult WinDResult DrawW...
1          2          Manchester City      13   10      2     1         39             12               27      32  WResult WinWResult WinLResult LossWResult WinW...
2          3         Newcastle United      14    7      6     1         28             11               17      27  WResult WinDResult DrawWResult WinWResult WinW...
3          4        Tottenham Hotspur      14    8      2     4         27             18                9      26  WResult WinWResult WinLResult LossLResult Loss...
4          5        Manchester United      13    7      2     4         18             19               -1      23  WResult WinDResult DrawWResult WinDResult Draw...
5          6   Brighton & Hove Albion      13    6      3     4         22             17                5      21  LResult LossLResult LossDResult DrawLResult Lo...
6          7                  Chelsea      13    6      3     4         17             16                1      21  WResult WinWResult WinDResult DrawDResult Draw...
7          8                Liverpool      13    5      4     4         25             16                9      19  LResult LossWResult WinWResult WinLResult Loss...
8          9                   Fulham      14    5      4     5         23             24               -1      19  LResult LossDResult DrawWResult WinWResult Win...
9         10           Crystal Palace      13    5      4     4         15             17               -2      19  WResult WinDResult DrawWResult WinLResult Loss...
10        11                Brentford      14    3      7     4         21             24               -3      16  LResult LossWResult WinDResult DrawLResult Los...
11        12             Leeds United      13    4      3     6         19             22               -3      15  LResult LossLResult LossLResult LossLResult Lo...
12        13              Aston Villa      14    4      3     7         14             21               -7      15  DResult DrawLResult LossLResult LossWResult Wi...
13        14           Leicester City      14    4      2     8         23             25               -2      14  LResult LossDResult DrawWResult WinWResult Win...
14        15          West Ham United      14    4      2     8         12             15               -3      14  WResult WinDResult DrawLResult LossWResult Win...
15        16                  Everton      14    3      5     6         11             14               -3      14  LResult LossLResult LossLResult LossWResult Wi...
16        17          AFC Bournemouth      14    3      4     7         15             32              -17      13  WResult WinDResult DrawLResult LossLResult Los...
17        18              Southampton      14    3      3     8         12             24              -12      12  LResult LossDResult DrawWResult WinDResult Dra...
18        19  Wolverhampton Wanderers      14    2      4     8          8             22              -14      10  LResult LossWResult WinLResult LossLResult Los...
19        20        Nottingham Forest      14    2      4     8         10             30              -20      10  DResult DrawLResult LossDResult DrawWResult Wi...
2022-11-09 22:38:48,563 2862 log          INFO     Generate Jinja Report
2022-11-09 22:38:48,563 2862 log          INFO     Writing Report in : report/Premiere League_report.html
2022-11-09 22:38:49,512 2862 log          INFO         Position                     Team  Played  Won  Drawn  Lost  Goals For  Goals Against  Goal Difference  Points                   Form, Last 6 games, Oldest first
0          1                  Arsenal      13   11      1     1         31             11               20      34  WResult WinWResult WinWResult WinDResult DrawW...
1          2          Manchester City      13   10      2     1         39             12               27      32  WResult WinWResult WinLResult LossWResult WinW...
2          3         Newcastle United      14    7      6     1         28             11               17      27  WResult WinDResult DrawWResult WinWResult WinW...
3          4        Tottenham Hotspur      14    8      2     4         27             18                9      26  WResult WinWResult WinLResult LossLResult Loss...
4          5        Manchester United      13    7      2     4         18             19               -1      23  WResult WinDResult DrawWResult WinDResult Draw...
5          6   Brighton & Hove Albion      13    6      3     4         22             17                5      21  LResult LossLResult LossDResult DrawLResult Lo...
6          7                  Chelsea      13    6      3     4         17             16                1      21  WResult WinWResult WinDResult DrawDResult Draw...
7          8                Liverpool      13    5      4     4         25             16                9      19  LResult LossWResult WinWResult WinLResult Loss...
8          9                   Fulham      14    5      4     5         23             24               -1      19  LResult LossDResult DrawWResult WinWResult Win...
9         10           Crystal Palace      13    5      4     4         15             17               -2      19  WResult WinDResult DrawWResult WinLResult Loss...
10        11                Brentford      14    3      7     4         21             24               -3      16  LResult LossWResult WinDResult DrawLResult Los...
11        12             Leeds United      13    4      3     6         19             22               -3      15  LResult LossLResult LossLResult LossLResult Lo...
12        13              Aston Villa      14    4      3     7         14             21               -7      15  DResult DrawLResult LossLResult LossWResult Wi...
13        14           Leicester City      14    4      2     8         23             25               -2      14  LResult LossDResult DrawWResult WinWResult Win...
14        15          West Ham United      14    4      2     8         12             15               -3      14  WResult WinDResult DrawLResult LossWResult Win...
15        16                  Everton      14    3      5     6         11             14               -3      14  LResult LossLResult LossLResult LossWResult Wi...
16        17          AFC Bournemouth      14    3      4     7         15             32              -17      13  WResult WinDResult DrawLResult LossLResult Los...
17        18              Southampton      14    3      3     8         12             24              -12      12  LResult LossDResult DrawWResult WinDResult Dra...
18        19  Wolverhampton Wanderers      14    2      4     8          8             22              -14      10  LResult LossWResult WinLResult LossLResult Los...
19        20        Nottingham Forest      14    2      4     8         10             30              -20      10  DResult DrawLResult LossDResult DrawWResult Wi...
2022-11-09 22:48:54,942 2909 log          INFO     Generate Jinja Report
2022-11-09 22:48:54,942 2909 log          INFO     Writing Report in : report/Premiere_League_report.html
2022-11-09 22:49:27,376 2922 log          INFO     Generate Jinja Report
2022-11-09 22:49:27,376 2922 log          INFO     Writing Report in : report/Premiere_League_report.html
2022-11-09 22:49:27,871 2922 log          INFO         Position                     Team  Played  Won  Drawn  Lost  Goals For  Goals Against  Goal Difference  Points                   Form, Last 6 games, Oldest first
0          1                  Arsenal      13   11      1     1         31             11               20      34  WResult WinWResult WinWResult WinDResult DrawW...
1          2          Manchester City      13   10      2     1         39             12               27      32  WResult WinWResult WinLResult LossWResult WinW...
2          3         Newcastle United      14    7      6     1         28             11               17      27  WResult WinDResult DrawWResult WinWResult WinW...
3          4        Tottenham Hotspur      14    8      2     4         27             18                9      26  WResult WinWResult WinLResult LossLResult Loss...
4          5        Manchester United      13    7      2     4         18             19               -1      23  WResult WinDResult DrawWResult WinDResult Draw...
5          6   Brighton & Hove Albion      13    6      3     4         22             17                5      21  LResult LossLResult LossDResult DrawLResult Lo...
6          7                  Chelsea      13    6      3     4         17             16                1      21  WResult WinWResult WinDResult DrawDResult Draw...
7          8                Liverpool      13    5      4     4         25             16                9      19  LResult LossWResult WinWResult WinLResult Loss...
8          9                   Fulham      14    5      4     5         23             24               -1      19  LResult LossDResult DrawWResult WinWResult Win...
9         10           Crystal Palace      13    5      4     4         15             17               -2      19  WResult WinDResult DrawWResult WinLResult Loss...
10        11                Brentford      14    3      7     4         21             24               -3      16  LResult LossWResult WinDResult DrawLResult Los...
11        12             Leeds United      13    4      3     6         19             22               -3      15  LResult LossLResult LossLResult LossLResult Lo...
12        13              Aston Villa      14    4      3     7         14             21               -7      15  DResult DrawLResult LossLResult LossWResult Wi...
13        14           Leicester City      14    4      2     8         23             25               -2      14  LResult LossDResult DrawWResult WinWResult Win...
14        15          West Ham United      14    4      2     8         12             15               -3      14  WResult WinDResult DrawLResult LossWResult Win...
15        16                  Everton      14    3      5     6         11             14               -3      14  LResult LossLResult LossLResult LossWResult Wi...
16        17          AFC Bournemouth      14    3      4     7         15             32              -17      13  WResult WinDResult DrawLResult LossLResult Los...
17        18              Southampton      14    3      3     8         12             24              -12      12  LResult LossDResult DrawWResult WinDResult Dra...
18        19  Wolverhampton Wanderers      14    2      4     8          8             22              -14      10  LResult LossWResult WinLResult LossLResult Los...
19        20        Nottingham Forest      14    2      4     8         10             30              -20      10  DResult DrawLResult LossDResult DrawWResult Wi...
2022-11-09 22:51:26,725 2943 log          INFO     Generate Jinja Report
2022-11-09 22:51:26,725 2943 log          INFO     Writing Report in : report/Premiere_League_report.html
2022-11-09 22:51:27,313 2943 log          INFO         Position                     Team  Played  Won  Drawn  Lost  Goals For  Goals Against  Goal Difference  Points                   Form, Last 6 games, Oldest first
0          1                  Arsenal      13   11      1     1         31             11               20      34  WResult WinWResult WinWResult WinDResult DrawW...
1          2          Manchester City      13   10      2     1         39             12               27      32  WResult WinWResult WinLResult LossWResult WinW...
2          3         Newcastle United      14    7      6     1         28             11               17      27  WResult WinDResult DrawWResult WinWResult WinW...
3          4        Tottenham Hotspur      14    8      2     4         27             18                9      26  WResult WinWResult WinLResult LossLResult Loss...
4          5        Manchester United      13    7      2     4         18             19               -1      23  WResult WinDResult DrawWResult WinDResult Draw...
5          6   Brighton & Hove Albion      13    6      3     4         22             17                5      21  LResult LossLResult LossDResult DrawLResult Lo...
6          7                  Chelsea      13    6      3     4         17             16                1      21  WResult WinWResult WinDResult DrawDResult Draw...
7          8                Liverpool      13    5      4     4         25             16                9      19  LResult LossWResult WinWResult WinLResult Loss...
8          9                   Fulham      14    5      4     5         23             24               -1      19  LResult LossDResult DrawWResult WinWResult Win...
9         10           Crystal Palace      13    5      4     4         15             17               -2      19  WResult WinDResult DrawWResult WinLResult Loss...
10        11                Brentford      14    3      7     4         21             24               -3      16  LResult LossWResult WinDResult DrawLResult Los...
11        12             Leeds United      13    4      3     6         19             22               -3      15  LResult LossLResult LossLResult LossLResult Lo...
12        13              Aston Villa      14    4      3     7         14             21               -7      15  DResult DrawLResult LossLResult LossWResult Wi...
13        14           Leicester City      14    4      2     8         23             25               -2      14  LResult LossDResult DrawWResult WinWResult Win...
14        15          West Ham United      14    4      2     8         12             15               -3      14  WResult WinDResult DrawLResult LossWResult Win...
15        16                  Everton      14    3      5     6         11             14               -3      14  LResult LossLResult LossLResult LossWResult Wi...
16        17          AFC Bournemouth      14    3      4     7         15             32              -17      13  WResult WinDResult DrawLResult LossLResult Los...
17        18              Southampton      14    3      3     8         12             24              -12      12  LResult LossDResult DrawWResult WinDResult Dra...
18        19  Wolverhampton Wanderers      14    2      4     8          8             22              -14      10  LResult LossWResult WinLResult LossLResult Los...
19        20        Nottingham Forest      14    2      4     8         10             30              -20      10  DResult DrawLResult LossDResult DrawWResult Wi...
2022-11-09 22:51:27,387 2943 log          INFO     Writing Report in : report/Ligue1_report.html
2022-11-09 22:51:27,976 2943 log          INFO         Unnamed: 0   Unnamed: 1  Unnamed: 2  pts  J.  G.  N.  P.  p.  c.  +/-  G..1  N..1  P..1
0            1     Paris-SG         NaN   38  14  12   2   0  38   9   29   NaN   NaN   NaN
1            2         Lens         NaN   33  14  10   3   1  24   9   15   NaN   NaN   NaN
2            3       Rennes         NaN   28  14   8   4   2  29  13   16   NaN   NaN   NaN
3            4    Marseille         1.0   27  14   8   3   3  23  11   12   NaN   NaN   NaN
4            5       Monaco         1.0   27  14   8   3   3  27  18    9   NaN   NaN   NaN
5            6      Lorient         2.0   27  14   8   3   3  25  20    5   NaN   NaN   NaN
6            7        Lille         NaN   23  14   7   2   5  26  23    3   NaN   NaN   NaN
7            8         Lyon         NaN   20  14   6   2   6  22  17    5   NaN   NaN   NaN
8            9         Nice         1.0   19  14   5   4   5  14  16   -2   NaN   NaN   NaN
9           10     Clermont         1.0   19  14   5   4   5  18  21   -3   NaN   NaN   NaN
10          11        Reims         2.0   16  14   3   7   4  15  20   -5   NaN   NaN   NaN
11          12     Toulouse         1.0   16  14   4   4   6  19  25   -6   NaN   NaN   NaN
12          13       Troyes         1.0   14  14   3   5   6  25  29   -4   NaN   NaN   NaN
13          14  Montpellier         NaN   13  14   4   1   9  23  28   -5   NaN   NaN   NaN
14          15      Auxerre         1.0   13  14   3   4   7  14  26  -12   NaN   NaN   NaN
15          16       Nantes         1.0   12  14   2   6   6  15  22   -7   NaN   NaN   NaN
16          17   AC Ajaccio         2.0   11  14   3   2   9  12  22  -10   NaN   NaN   NaN
17          18   Strasbourg         1.0   10  14   1   7   6  16  25   -9   NaN   NaN   NaN
18          19        Brest         1.0   10  14   2   4   8  14  27  -13   NaN   NaN   NaN
19          20       Angers         NaN    8  14   2   2  10  15  33  -18   NaN   NaN   NaN
2022-11-09 22:54:21,899 2968 log          INFO     Generate Jinja Report
2022-11-09 22:54:21,899 2968 log          INFO     Writing Report in : report/Premiere_League_report.html
2022-11-09 22:54:22,397 2968 log          INFO         Position                     Team  Played  Won  Drawn  Lost  Goals For  Goals Against  Goal Difference  Points                   Form, Last 6 games, Oldest first
0          1                  Arsenal      13   11      1     1         31             11               20      34  WResult WinWResult WinWResult WinDResult DrawW...
1          2          Manchester City      13   10      2     1         39             12               27      32  WResult WinWResult WinLResult LossWResult WinW...
2          3         Newcastle United      14    7      6     1         28             11               17      27  WResult WinDResult DrawWResult WinWResult WinW...
3          4        Tottenham Hotspur      14    8      2     4         27             18                9      26  WResult WinWResult WinLResult LossLResult Loss...
4          5        Manchester United      13    7      2     4         18             19               -1      23  WResult WinDResult DrawWResult WinDResult Draw...
5          6   Brighton & Hove Albion      13    6      3     4         22             17                5      21  LResult LossLResult LossDResult DrawLResult Lo...
6          7                  Chelsea      13    6      3     4         17             16                1      21  WResult WinWResult WinDResult DrawDResult Draw...
7          8                Liverpool      13    5      4     4         25             16                9      19  LResult LossWResult WinWResult WinLResult Loss...
8          9                   Fulham      14    5      4     5         23             24               -1      19  LResult LossDResult DrawWResult WinWResult Win...
9         10           Crystal Palace      13    5      4     4         15             17               -2      19  WResult WinDResult DrawWResult WinLResult Loss...
10        11                Brentford      14    3      7     4         21             24               -3      16  LResult LossWResult WinDResult DrawLResult Los...
11        12             Leeds United      13    4      3     6         19             22               -3      15  LResult LossLResult LossLResult LossLResult Lo...
12        13              Aston Villa      14    4      3     7         14             21               -7      15  DResult DrawLResult LossLResult LossWResult Wi...
13        14           Leicester City      14    4      2     8         23             25               -2      14  LResult LossDResult DrawWResult WinWResult Win...
14        15          West Ham United      14    4      2     8         12             15               -3      14  WResult WinDResult DrawLResult LossWResult Win...
15        16                  Everton      14    3      5     6         11             14               -3      14  LResult LossLResult LossLResult LossWResult Wi...
16        17          AFC Bournemouth      14    3      4     7         15             32              -17      13  WResult WinDResult DrawLResult LossLResult Los...
17        18              Southampton      14    3      3     8         12             24              -12      12  LResult LossDResult DrawWResult WinDResult Dra...
18        19  Wolverhampton Wanderers      14    2      4     8          8             22              -14      10  LResult LossWResult WinLResult LossLResult Los...
19        20        Nottingham Forest      14    2      4     8         10             30              -20      10  DResult DrawLResult LossDResult DrawWResult Wi...
2022-11-09 22:54:22,468 2968 log          INFO     Writing Report in : report/Ligue1_report.html
2022-11-09 22:54:23,052 2968 log          INFO         Unnamed: 0   Unnamed: 1  Unnamed: 2  pts  J.  G.  N.  P.  p.  c.  +/-  G..1  N..1  P..1
0            1     Paris-SG         NaN   38  14  12   2   0  38   9   29   NaN   NaN   NaN
1            2         Lens         NaN   33  14  10   3   1  24   9   15   NaN   NaN   NaN
2            3       Rennes         NaN   28  14   8   4   2  29  13   16   NaN   NaN   NaN
3            4    Marseille         1.0   27  14   8   3   3  23  11   12   NaN   NaN   NaN
4            5       Monaco         1.0   27  14   8   3   3  27  18    9   NaN   NaN   NaN
5            6      Lorient         2.0   27  14   8   3   3  25  20    5   NaN   NaN   NaN
6            7        Lille         NaN   23  14   7   2   5  26  23    3   NaN   NaN   NaN
7            8         Lyon         NaN   20  14   6   2   6  22  17    5   NaN   NaN   NaN
8            9         Nice         1.0   19  14   5   4   5  14  16   -2   NaN   NaN   NaN
9           10     Clermont         1.0   19  14   5   4   5  18  21   -3   NaN   NaN   NaN
10          11        Reims         2.0   16  14   3   7   4  15  20   -5   NaN   NaN   NaN
11          12     Toulouse         1.0   16  14   4   4   6  19  25   -6   NaN   NaN   NaN
12          13       Troyes         1.0   14  14   3   5   6  25  29   -4   NaN   NaN   NaN
13          14  Montpellier         NaN   13  14   4   1   9  23  28   -5   NaN   NaN   NaN
14          15      Auxerre         1.0   13  14   3   4   7  14  26  -12   NaN   NaN   NaN
15          16       Nantes         1.0   12  14   2   6   6  15  22   -7   NaN   NaN   NaN
16          17   AC Ajaccio         2.0   11  14   3   2   9  12  22  -10   NaN   NaN   NaN
17          18   Strasbourg         1.0   10  14   1   7   6  16  25   -9   NaN   NaN   NaN
18          19        Brest         1.0   10  14   2   4   8  14  27  -13   NaN   NaN   NaN
19          20       Angers         NaN    8  14   2   2  10  15  33  -18   NaN   NaN   NaN
2022-11-09 23:02:45,315 3032 log          INFO     Generate Jinja Report
2022-11-09 23:02:45,315 3032 log          INFO     Writing Report in : report/Premiere_League_report.html
2022-11-09 23:02:45,809 3032 log          INFO         Position                     Team  Played  Won  Drawn  Lost  Goals For  Goals Against  Goal Difference  Points                   Form, Last 6 games, Oldest first
0          1                  Arsenal      13   11      1     1         31             11               20      34  WResult WinWResult WinWResult WinDResult DrawW...
1          2          Manchester City      13   10      2     1         39             12               27      32  WResult WinWResult WinLResult LossWResult WinW...
2          3         Newcastle United      14    7      6     1         28             11               17      27  WResult WinDResult DrawWResult WinWResult WinW...
3          4        Tottenham Hotspur      14    8      2     4         27             18                9      26  WResult WinWResult WinLResult LossLResult Loss...
4          5        Manchester United      13    7      2     4         18             19               -1      23  WResult WinDResult DrawWResult WinDResult Draw...
5          6   Brighton & Hove Albion      13    6      3     4         22             17                5      21  LResult LossLResult LossDResult DrawLResult Lo...
6          7                  Chelsea      13    6      3     4         17             16                1      21  WResult WinWResult WinDResult DrawDResult Draw...
7          8                Liverpool      13    5      4     4         25             16                9      19  LResult LossWResult WinWResult WinLResult Loss...
8          9                   Fulham      14    5      4     5         23             24               -1      19  LResult LossDResult DrawWResult WinWResult Win...
9         10           Crystal Palace      13    5      4     4         15             17               -2      19  WResult WinDResult DrawWResult WinLResult Loss...
10        11                Brentford      14    3      7     4         21             24               -3      16  LResult LossWResult WinDResult DrawLResult Los...
11        12             Leeds United      13    4      3     6         19             22               -3      15  LResult LossLResult LossLResult LossLResult Lo...
12        13              Aston Villa      14    4      3     7         14             21               -7      15  DResult DrawLResult LossLResult LossWResult Wi...
13        14           Leicester City      14    4      2     8         23             25               -2      14  LResult LossDResult DrawWResult WinWResult Win...
14        15          West Ham United      14    4      2     8         12             15               -3      14  WResult WinDResult DrawLResult LossWResult Win...
15        16                  Everton      14    3      5     6         11             14               -3      14  LResult LossLResult LossLResult LossWResult Wi...
16        17          AFC Bournemouth      14    3      4     7         15             32              -17      13  WResult WinDResult DrawLResult LossLResult Los...
17        18              Southampton      14    3      3     8         12             24              -12      12  LResult LossDResult DrawWResult WinDResult Dra...
18        19  Wolverhampton Wanderers      14    2      4     8          8             22              -14      10  LResult LossWResult WinLResult LossLResult Los...
19        20        Nottingham Forest      14    2      4     8         10             30              -20      10  DResult DrawLResult LossDResult DrawWResult Wi...
2022-11-09 23:02:45,882 3032 log          INFO     Writing Report in : report/Ligue1_report.html
2022-11-09 23:02:46,459 3032 log          INFO         Unnamed: 0   Unnamed: 1  Unnamed: 2  pts  J.  G.  N.  P.  p.  c.  +/-  G..1  N..1  P..1
0            1     Paris-SG         NaN   38  14  12   2   0  38   9   29   NaN   NaN   NaN
1            2         Lens         NaN   33  14  10   3   1  24   9   15   NaN   NaN   NaN
2            3       Rennes         NaN   28  14   8   4   2  29  13   16   NaN   NaN   NaN
3            4    Marseille         1.0   27  14   8   3   3  23  11   12   NaN   NaN   NaN
4            5       Monaco         1.0   27  14   8   3   3  27  18    9   NaN   NaN   NaN
5            6      Lorient         2.0   27  14   8   3   3  25  20    5   NaN   NaN   NaN
6            7        Lille         NaN   23  14   7   2   5  26  23    3   NaN   NaN   NaN
7            8         Lyon         NaN   20  14   6   2   6  22  17    5   NaN   NaN   NaN
8            9         Nice         1.0   19  14   5   4   5  14  16   -2   NaN   NaN   NaN
9           10     Clermont         1.0   19  14   5   4   5  18  21   -3   NaN   NaN   NaN
10          11        Reims         2.0   16  14   3   7   4  15  20   -5   NaN   NaN   NaN
11          12     Toulouse         1.0   16  14   4   4   6  19  25   -6   NaN   NaN   NaN
12          13       Troyes         1.0   14  14   3   5   6  25  29   -4   NaN   NaN   NaN
13          14  Montpellier         NaN   13  14   4   1   9  23  28   -5   NaN   NaN   NaN
14          15      Auxerre         1.0   13  14   3   4   7  14  26  -12   NaN   NaN   NaN
15          16       Nantes         1.0   12  14   2   6   6  15  22   -7   NaN   NaN   NaN
16          17   AC Ajaccio         2.0   11  14   3   2   9  12  22  -10   NaN   NaN   NaN
17          18   Strasbourg         1.0   10  14   1   7   6  16  25   -9   NaN   NaN   NaN
18          19        Brest         1.0   10  14   2   4   8  14  27  -13   NaN   NaN   NaN
19          20       Angers         NaN    8  14   2   2  10  15  33  -18   NaN   NaN   NaN
2022-11-09 23:03:08,521 3043 log          INFO     Generate Jinja Report
2022-11-09 23:03:08,521 3043 log          INFO     Writing Report in : report/Premiere_League_report.html
2022-11-09 23:03:08,985 3043 log          INFO         Position                     Team  Played  Won  Drawn  Lost  Goals For  Goals Against  Goal Difference  Points                   Form, Last 6 games, Oldest first
0          1                  Arsenal      13   11      1     1         31             11               20      34  WResult WinWResult WinWResult WinDResult DrawW...
1          2          Manchester City      13   10      2     1         39             12               27      32  WResult WinWResult WinLResult LossWResult WinW...
2          3         Newcastle United      14    7      6     1         28             11               17      27  WResult WinDResult DrawWResult WinWResult WinW...
3          4        Tottenham Hotspur      14    8      2     4         27             18                9      26  WResult WinWResult WinLResult LossLResult Loss...
4          5        Manchester United      13    7      2     4         18             19               -1      23  WResult WinDResult DrawWResult WinDResult Draw...
5          6   Brighton & Hove Albion      13    6      3     4         22             17                5      21  LResult LossLResult LossDResult DrawLResult Lo...
6          7                  Chelsea      13    6      3     4         17             16                1      21  WResult WinWResult WinDResult DrawDResult Draw...
7          8                Liverpool      13    5      4     4         25             16                9      19  LResult LossWResult WinWResult WinLResult Loss...
8          9                   Fulham      14    5      4     5         23             24               -1      19  LResult LossDResult DrawWResult WinWResult Win...
9         10           Crystal Palace      13    5      4     4         15             17               -2      19  WResult WinDResult DrawWResult WinLResult Loss...
10        11                Brentford      14    3      7     4         21             24               -3      16  LResult LossWResult WinDResult DrawLResult Los...
11        12             Leeds United      13    4      3     6         19             22               -3      15  LResult LossLResult LossLResult LossLResult Lo...
12        13              Aston Villa      14    4      3     7         14             21               -7      15  DResult DrawLResult LossLResult LossWResult Wi...
13        14           Leicester City      14    4      2     8         23             25               -2      14  LResult LossDResult DrawWResult WinWResult Win...
14        15          West Ham United      14    4      2     8         12             15               -3      14  WResult WinDResult DrawLResult LossWResult Win...
15        16                  Everton      14    3      5     6         11             14               -3      14  LResult LossLResult LossLResult LossWResult Wi...
16        17          AFC Bournemouth      14    3      4     7         15             32              -17      13  WResult WinDResult DrawLResult LossLResult Los...
17        18              Southampton      14    3      3     8         12             24              -12      12  LResult LossDResult DrawWResult WinDResult Dra...
18        19  Wolverhampton Wanderers      14    2      4     8          8             22              -14      10  LResult LossWResult WinLResult LossLResult Los...
19        20        Nottingham Forest      14    2      4     8         10             30              -20      10  DResult DrawLResult LossDResult DrawWResult Wi...
2022-11-09 23:03:09,057 3043 log          INFO     Writing Report in : report/Ligue1_report.html
2022-11-09 23:03:09,658 3043 log          INFO         Unnamed: 0   Unnamed: 1  Unnamed: 2  pts  J.  G.  N.  P.  p.  c.  +/-  G..1  N..1  P..1
0            1     Paris-SG         NaN   38  14  12   2   0  38   9   29   NaN   NaN   NaN
1            2         Lens         NaN   33  14  10   3   1  24   9   15   NaN   NaN   NaN
2            3       Rennes         NaN   28  14   8   4   2  29  13   16   NaN   NaN   NaN
3            4    Marseille         1.0   27  14   8   3   3  23  11   12   NaN   NaN   NaN
4            5       Monaco         1.0   27  14   8   3   3  27  18    9   NaN   NaN   NaN
5            6      Lorient         2.0   27  14   8   3   3  25  20    5   NaN   NaN   NaN
6            7        Lille         NaN   23  14   7   2   5  26  23    3   NaN   NaN   NaN
7            8         Lyon         NaN   20  14   6   2   6  22  17    5   NaN   NaN   NaN
8            9         Nice         1.0   19  14   5   4   5  14  16   -2   NaN   NaN   NaN
9           10     Clermont         1.0   19  14   5   4   5  18  21   -3   NaN   NaN   NaN
10          11        Reims         2.0   16  14   3   7   4  15  20   -5   NaN   NaN   NaN
11          12     Toulouse         1.0   16  14   4   4   6  19  25   -6   NaN   NaN   NaN
12          13       Troyes         1.0   14  14   3   5   6  25  29   -4   NaN   NaN   NaN
13          14  Montpellier         NaN   13  14   4   1   9  23  28   -5   NaN   NaN   NaN
14          15      Auxerre         1.0   13  14   3   4   7  14  26  -12   NaN   NaN   NaN
15          16       Nantes         1.0   12  14   2   6   6  15  22   -7   NaN   NaN   NaN
16          17   AC Ajaccio         2.0   11  14   3   2   9  12  22  -10   NaN   NaN   NaN
17          18   Strasbourg         1.0   10  14   1   7   6  16  25   -9   NaN   NaN   NaN
18          19        Brest         1.0   10  14   2   4   8  14  27  -13   NaN   NaN   NaN
19          20       Angers         NaN    8  14   2   2  10  15  33  -18   NaN   NaN   NaN
2022-11-09 23:04:47,800 3057 log          INFO     Generate Jinja Report
2022-11-09 23:04:47,800 3057 log          INFO     Writing Report in : report/Premiere_League_report.html
2022-11-09 23:04:48,279 3057 log          INFO         Position                     Team  Played  Won  Drawn  Lost  Goals For  Goals Against  Goal Difference  Points                   Form, Last 6 games, Oldest first
0          1                  Arsenal      13   11      1     1         31             11               20      34  WResult WinWResult WinWResult WinDResult DrawW...
1          2          Manchester City      13   10      2     1         39             12               27      32  WResult WinWResult WinLResult LossWResult WinW...
2          3         Newcastle United      14    7      6     1         28             11               17      27  WResult WinDResult DrawWResult WinWResult WinW...
3          4        Tottenham Hotspur      14    8      2     4         27             18                9      26  WResult WinWResult WinLResult LossLResult Loss...
4          5        Manchester United      13    7      2     4         18             19               -1      23  WResult WinDResult DrawWResult WinDResult Draw...
5          6   Brighton & Hove Albion      13    6      3     4         22             17                5      21  LResult LossLResult LossDResult DrawLResult Lo...
6          7                  Chelsea      13    6      3     4         17             16                1      21  WResult WinWResult WinDResult DrawDResult Draw...
7          8                Liverpool      13    5      4     4         25             16                9      19  LResult LossWResult WinWResult WinLResult Loss...
8          9                   Fulham      14    5      4     5         23             24               -1      19  LResult LossDResult DrawWResult WinWResult Win...
9         10           Crystal Palace      13    5      4     4         15             17               -2      19  WResult WinDResult DrawWResult WinLResult Loss...
10        11                Brentford      14    3      7     4         21             24               -3      16  LResult LossWResult WinDResult DrawLResult Los...
11        12             Leeds United      13    4      3     6         19             22               -3      15  LResult LossLResult LossLResult LossLResult Lo...
12        13              Aston Villa      14    4      3     7         14             21               -7      15  DResult DrawLResult LossLResult LossWResult Wi...
13        14           Leicester City      14    4      2     8         23             25               -2      14  LResult LossDResult DrawWResult WinWResult Win...
14        15          West Ham United      14    4      2     8         12             15               -3      14  WResult WinDResult DrawLResult LossWResult Win...
15        16                  Everton      14    3      5     6         11             14               -3      14  LResult LossLResult LossLResult LossWResult Wi...
16        17          AFC Bournemouth      14    3      4     7         15             32              -17      13  WResult WinDResult DrawLResult LossLResult Los...
17        18              Southampton      14    3      3     8         12             24              -12      12  LResult LossDResult DrawWResult WinDResult Dra...
18        19  Wolverhampton Wanderers      14    2      4     8          8             22              -14      10  LResult LossWResult WinLResult LossLResult Los...
19        20        Nottingham Forest      14    2      4     8         10             30              -20      10  DResult DrawLResult LossDResult DrawWResult Wi...
2022-11-09 23:04:48,350 3057 log          INFO     Writing Report in : report/Ligue1_report.html
2022-11-09 23:04:48,928 3057 log          INFO         Unnamed: 0   Unnamed: 1  Unnamed: 2  pts  J.  G.  N.  P.  p.  c.  +/-  G..1  N..1  P..1
0            1     Paris-SG         NaN   38  14  12   2   0  38   9   29   NaN   NaN   NaN
1            2         Lens         NaN   33  14  10   3   1  24   9   15   NaN   NaN   NaN
2            3       Rennes         NaN   28  14   8   4   2  29  13   16   NaN   NaN   NaN
3            4    Marseille         1.0   27  14   8   3   3  23  11   12   NaN   NaN   NaN
4            5       Monaco         1.0   27  14   8   3   3  27  18    9   NaN   NaN   NaN
5            6      Lorient         2.0   27  14   8   3   3  25  20    5   NaN   NaN   NaN
6            7        Lille         NaN   23  14   7   2   5  26  23    3   NaN   NaN   NaN
7            8         Lyon         NaN   20  14   6   2   6  22  17    5   NaN   NaN   NaN
8            9         Nice         1.0   19  14   5   4   5  14  16   -2   NaN   NaN   NaN
9           10     Clermont         1.0   19  14   5   4   5  18  21   -3   NaN   NaN   NaN
10          11        Reims         2.0   16  14   3   7   4  15  20   -5   NaN   NaN   NaN
11          12     Toulouse         1.0   16  14   4   4   6  19  25   -6   NaN   NaN   NaN
12          13       Troyes         1.0   14  14   3   5   6  25  29   -4   NaN   NaN   NaN
13          14  Montpellier         NaN   13  14   4   1   9  23  28   -5   NaN   NaN   NaN
14          15      Auxerre         1.0   13  14   3   4   7  14  26  -12   NaN   NaN   NaN
15          16       Nantes         1.0   12  14   2   6   6  15  22   -7   NaN   NaN   NaN
16          17   AC Ajaccio         2.0   11  14   3   2   9  12  22  -10   NaN   NaN   NaN
17          18   Strasbourg         1.0   10  14   1   7   6  16  25   -9   NaN   NaN   NaN
18          19        Brest         1.0   10  14   2   4   8  14  27  -13   NaN   NaN   NaN
19          20       Angers         NaN    8  14   2   2  10  15  33  -18   NaN   NaN   NaN
